C:\Users\andrei.funaru\Desktop\Facultate\4.I\DAW\Library\BibliotecaOnline\BibliotecaOnline\dist\out-tsc\app\app-routing.module.js
C:\Users\andrei.funaru\Desktop\Facultate\4.I\DAW\Library\BibliotecaOnline\BibliotecaOnline\dist\out-tsc\app\app-routing.module.js.map
C:\Users\andrei.funaru\Desktop\Facultate\4.I\DAW\Library\BibliotecaOnline\BibliotecaOnline\dist\out-tsc\app\app.component.js
C:\Users\andrei.funaru\Desktop\Facultate\4.I\DAW\Library\BibliotecaOnline\BibliotecaOnline\dist\out-tsc\app\app.component.js.map
C:\Users\andrei.funaru\Desktop\Facultate\4.I\DAW\Library\BibliotecaOnline\BibliotecaOnline\dist\out-tsc\app\material-module.js
C:\Users\andrei.funaru\Desktop\Facultate\4.I\DAW\Library\BibliotecaOnline\BibliotecaOnline\dist\out-tsc\app\material-module.js.map
C:\Users\andrei.funaru\Desktop\Facultate\4.I\DAW\Library\BibliotecaOnline\BibliotecaOnline\dist\out-tsc\app\core\core.module.js
C:\Users\andrei.funaru\Desktop\Facultate\4.I\DAW\Library\BibliotecaOnline\BibliotecaOnline\dist\out-tsc\app\core\core.module.js.map
C:\Users\andrei.funaru\Desktop\Facultate\4.I\DAW\Library\BibliotecaOnline\BibliotecaOnline\dist\out-tsc\app\core\spinner.service.js
C:\Users\andrei.funaru\Desktop\Facultate\4.I\DAW\Library\BibliotecaOnline\BibliotecaOnline\dist\out-tsc\app\core\spinner.service.js.map
C:\Users\andrei.funaru\Desktop\Facultate\4.I\DAW\Library\BibliotecaOnline\BibliotecaOnline\dist\out-tsc\app\pipes\truncate.pipe.js
C:\Users\andrei.funaru\Desktop\Facultate\4.I\DAW\Library\BibliotecaOnline\BibliotecaOnline\dist\out-tsc\app\pipes\truncate.pipe.js.map
C:\Users\andrei.funaru\Desktop\Facultate\4.I\DAW\Library\BibliotecaOnline\BibliotecaOnline\dist\out-tsc\app\pipes\pipes.module.js
C:\Users\andrei.funaru\Desktop\Facultate\4.I\DAW\Library\BibliotecaOnline\BibliotecaOnline\dist\out-tsc\app\pipes\pipes.module.js.map
C:\Users\andrei.funaru\Desktop\Facultate\4.I\DAW\Library\BibliotecaOnline\BibliotecaOnline\dist\out-tsc\app\core\dateformat.js
C:\Users\andrei.funaru\Desktop\Facultate\4.I\DAW\Library\BibliotecaOnline\BibliotecaOnline\dist\out-tsc\app\core\dateformat.js.map
C:\Users\andrei.funaru\Desktop\Facultate\4.I\DAW\Library\BibliotecaOnline\BibliotecaOnline\dist\out-tsc\app\app.module.js
C:\Users\andrei.funaru\Desktop\Facultate\4.I\DAW\Library\BibliotecaOnline\BibliotecaOnline\dist\out-tsc\app\app.module.js.map
C:\Users\andrei.funaru\Desktop\Facultate\4.I\DAW\Library\BibliotecaOnline\BibliotecaOnline\dist\out-tsc\environments\environment.js
C:\Users\andrei.funaru\Desktop\Facultate\4.I\DAW\Library\BibliotecaOnline\BibliotecaOnline\dist\out-tsc\environments\environment.js.map
C:\Users\andrei.funaru\Desktop\Facultate\4.I\DAW\Library\BibliotecaOnline\BibliotecaOnline\dist\out-tsc\main.js
C:\Users\andrei.funaru\Desktop\Facultate\4.I\DAW\Library\BibliotecaOnline\BibliotecaOnline\dist\out-tsc\main.js.map
C:\Users\andrei.funaru\Desktop\Facultate\4.I\DAW\Library\BibliotecaOnline\BibliotecaOnline\dist\out-tsc\polyfills.js
C:\Users\andrei.funaru\Desktop\Facultate\4.I\DAW\Library\BibliotecaOnline\BibliotecaOnline\dist\out-tsc\polyfills.js.map
C:\Users\andrei.funaru\Desktop\Facultate\4.I\DAW\Library\BibliotecaOnline\BibliotecaOnline\dist\out-tsc\environments\environment.prod.js
C:\Users\andrei.funaru\Desktop\Facultate\4.I\DAW\Library\BibliotecaOnline\BibliotecaOnline\dist\out-tsc\environments\environment.prod.js.map
C:\Users\andrei.funaru\Desktop\Facultate\4.I\DAW\Library\BibliotecaOnline\BibliotecaOnline\dist\out-tsc\app\admin\shared\title.service.js
C:\Users\andrei.funaru\Desktop\Facultate\4.I\DAW\Library\BibliotecaOnline\BibliotecaOnline\dist\out-tsc\app\admin\shared\title.service.js.map
C:\Users\andrei.funaru\Desktop\Facultate\4.I\DAW\Library\BibliotecaOnline\BibliotecaOnline\dist\out-tsc\app\admin\models\genre.js
C:\Users\andrei.funaru\Desktop\Facultate\4.I\DAW\Library\BibliotecaOnline\BibliotecaOnline\dist\out-tsc\app\admin\models\genre.js.map
C:\Users\andrei.funaru\Desktop\Facultate\4.I\DAW\Library\BibliotecaOnline\BibliotecaOnline\dist\out-tsc\app\admin\models\book-genre.js
C:\Users\andrei.funaru\Desktop\Facultate\4.I\DAW\Library\BibliotecaOnline\BibliotecaOnline\dist\out-tsc\app\admin\models\book-genre.js.map
C:\Users\andrei.funaru\Desktop\Facultate\4.I\DAW\Library\BibliotecaOnline\BibliotecaOnline\dist\out-tsc\app\admin\models\loan-request.js
C:\Users\andrei.funaru\Desktop\Facultate\4.I\DAW\Library\BibliotecaOnline\BibliotecaOnline\dist\out-tsc\app\admin\models\loan-request.js.map
C:\Users\andrei.funaru\Desktop\Facultate\4.I\DAW\Library\BibliotecaOnline\BibliotecaOnline\dist\out-tsc\app\admin\models\loan.js
C:\Users\andrei.funaru\Desktop\Facultate\4.I\DAW\Library\BibliotecaOnline\BibliotecaOnline\dist\out-tsc\app\admin\models\loan.js.map
C:\Users\andrei.funaru\Desktop\Facultate\4.I\DAW\Library\BibliotecaOnline\BibliotecaOnline\dist\out-tsc\app\admin\models\store.js
C:\Users\andrei.funaru\Desktop\Facultate\4.I\DAW\Library\BibliotecaOnline\BibliotecaOnline\dist\out-tsc\app\admin\models\store.js.map
C:\Users\andrei.funaru\Desktop\Facultate\4.I\DAW\Library\BibliotecaOnline\BibliotecaOnline\dist\out-tsc\app\admin\models\book-store.js
C:\Users\andrei.funaru\Desktop\Facultate\4.I\DAW\Library\BibliotecaOnline\BibliotecaOnline\dist\out-tsc\app\admin\models\book-store.js.map
C:\Users\andrei.funaru\Desktop\Facultate\4.I\DAW\Library\BibliotecaOnline\BibliotecaOnline\dist\out-tsc\app\admin\models\wish-list.js
C:\Users\andrei.funaru\Desktop\Facultate\4.I\DAW\Library\BibliotecaOnline\BibliotecaOnline\dist\out-tsc\app\admin\models\wish-list.js.map
C:\Users\andrei.funaru\Desktop\Facultate\4.I\DAW\Library\BibliotecaOnline\BibliotecaOnline\dist\out-tsc\app\library\models\biblioteca-user.js
C:\Users\andrei.funaru\Desktop\Facultate\4.I\DAW\Library\BibliotecaOnline\BibliotecaOnline\dist\out-tsc\app\library\models\biblioteca-user.js.map
C:\Users\andrei.funaru\Desktop\Facultate\4.I\DAW\Library\BibliotecaOnline\BibliotecaOnline\dist\out-tsc\app\admin\models\review.js
C:\Users\andrei.funaru\Desktop\Facultate\4.I\DAW\Library\BibliotecaOnline\BibliotecaOnline\dist\out-tsc\app\admin\models\review.js.map
C:\Users\andrei.funaru\Desktop\Facultate\4.I\DAW\Library\BibliotecaOnline\BibliotecaOnline\dist\out-tsc\app\admin\models\book.js
C:\Users\andrei.funaru\Desktop\Facultate\4.I\DAW\Library\BibliotecaOnline\BibliotecaOnline\dist\out-tsc\app\admin\models\book.js.map
C:\Users\andrei.funaru\Desktop\Facultate\4.I\DAW\Library\BibliotecaOnline\BibliotecaOnline\dist\out-tsc\app\admin\models\book-author.js
C:\Users\andrei.funaru\Desktop\Facultate\4.I\DAW\Library\BibliotecaOnline\BibliotecaOnline\dist\out-tsc\app\admin\models\book-author.js.map
C:\Users\andrei.funaru\Desktop\Facultate\4.I\DAW\Library\BibliotecaOnline\BibliotecaOnline\dist\out-tsc\app\admin\models\author.js
C:\Users\andrei.funaru\Desktop\Facultate\4.I\DAW\Library\BibliotecaOnline\BibliotecaOnline\dist\out-tsc\app\admin\models\author.js.map
C:\Users\andrei.funaru\Desktop\Facultate\4.I\DAW\Library\BibliotecaOnline\BibliotecaOnline\dist\out-tsc\app\admin\autori\deleteautor\deleteautor.component.js
C:\Users\andrei.funaru\Desktop\Facultate\4.I\DAW\Library\BibliotecaOnline\BibliotecaOnline\dist\out-tsc\app\admin\autori\deleteautor\deleteautor.component.js.map
C:\Users\andrei.funaru\Desktop\Facultate\4.I\DAW\Library\BibliotecaOnline\BibliotecaOnline\dist\out-tsc\app\admin\autori\add-edit-autor\add-edit-autor.component.js
C:\Users\andrei.funaru\Desktop\Facultate\4.I\DAW\Library\BibliotecaOnline\BibliotecaOnline\dist\out-tsc\app\admin\autori\add-edit-autor\add-edit-autor.component.js.map
C:\Users\andrei.funaru\Desktop\Facultate\4.I\DAW\Library\BibliotecaOnline\BibliotecaOnline\dist\out-tsc\app\admin\autori\autori.service.js
C:\Users\andrei.funaru\Desktop\Facultate\4.I\DAW\Library\BibliotecaOnline\BibliotecaOnline\dist\out-tsc\app\admin\autori\autori.service.js.map
C:\Users\andrei.funaru\Desktop\Facultate\4.I\DAW\Library\BibliotecaOnline\BibliotecaOnline\dist\out-tsc\app\admin\autori\autori.component.js
C:\Users\andrei.funaru\Desktop\Facultate\4.I\DAW\Library\BibliotecaOnline\BibliotecaOnline\dist\out-tsc\app\admin\autori\autori.component.js.map
C:\Users\andrei.funaru\Desktop\Facultate\4.I\DAW\Library\BibliotecaOnline\BibliotecaOnline\dist\out-tsc\app\admin\index\index.component.js
C:\Users\andrei.funaru\Desktop\Facultate\4.I\DAW\Library\BibliotecaOnline\BibliotecaOnline\dist\out-tsc\app\admin\index\index.component.js.map
C:\Users\andrei.funaru\Desktop\Facultate\4.I\DAW\Library\BibliotecaOnline\BibliotecaOnline\dist\out-tsc\app\admin\genres\genres.service.js
C:\Users\andrei.funaru\Desktop\Facultate\4.I\DAW\Library\BibliotecaOnline\BibliotecaOnline\dist\out-tsc\app\admin\genres\genres.service.js.map
C:\Users\andrei.funaru\Desktop\Facultate\4.I\DAW\Library\BibliotecaOnline\BibliotecaOnline\dist\out-tsc\app\admin\genres\deletegenre\deletegenre.component.js
C:\Users\andrei.funaru\Desktop\Facultate\4.I\DAW\Library\BibliotecaOnline\BibliotecaOnline\dist\out-tsc\app\admin\genres\deletegenre\deletegenre.component.js.map
C:\Users\andrei.funaru\Desktop\Facultate\4.I\DAW\Library\BibliotecaOnline\BibliotecaOnline\dist\out-tsc\app\admin\genres\add-edit-genre\add-edit-genre.component.js
C:\Users\andrei.funaru\Desktop\Facultate\4.I\DAW\Library\BibliotecaOnline\BibliotecaOnline\dist\out-tsc\app\admin\genres\add-edit-genre\add-edit-genre.component.js.map
C:\Users\andrei.funaru\Desktop\Facultate\4.I\DAW\Library\BibliotecaOnline\BibliotecaOnline\dist\out-tsc\app\admin\genres\genres.component.js
C:\Users\andrei.funaru\Desktop\Facultate\4.I\DAW\Library\BibliotecaOnline\BibliotecaOnline\dist\out-tsc\app\admin\genres\genres.component.js.map
C:\Users\andrei.funaru\Desktop\Facultate\4.I\DAW\Library\BibliotecaOnline\BibliotecaOnline\dist\out-tsc\app\admin\stores\stores.service.js
C:\Users\andrei.funaru\Desktop\Facultate\4.I\DAW\Library\BibliotecaOnline\BibliotecaOnline\dist\out-tsc\app\admin\stores\stores.service.js.map
C:\Users\andrei.funaru\Desktop\Facultate\4.I\DAW\Library\BibliotecaOnline\BibliotecaOnline\dist\out-tsc\app\admin\stores\deletestore\deletestore.component.js
C:\Users\andrei.funaru\Desktop\Facultate\4.I\DAW\Library\BibliotecaOnline\BibliotecaOnline\dist\out-tsc\app\admin\stores\deletestore\deletestore.component.js.map
C:\Users\andrei.funaru\Desktop\Facultate\4.I\DAW\Library\BibliotecaOnline\BibliotecaOnline\dist\out-tsc\app\admin\stores\add-edit-store\add-edit-store.component.js
C:\Users\andrei.funaru\Desktop\Facultate\4.I\DAW\Library\BibliotecaOnline\BibliotecaOnline\dist\out-tsc\app\admin\stores\add-edit-store\add-edit-store.component.js.map
C:\Users\andrei.funaru\Desktop\Facultate\4.I\DAW\Library\BibliotecaOnline\BibliotecaOnline\dist\out-tsc\app\admin\stores\stores.component.js
C:\Users\andrei.funaru\Desktop\Facultate\4.I\DAW\Library\BibliotecaOnline\BibliotecaOnline\dist\out-tsc\app\admin\stores\stores.component.js.map
C:\Users\andrei.funaru\Desktop\Facultate\4.I\DAW\Library\BibliotecaOnline\BibliotecaOnline\dist\out-tsc\app\admin\books\books.service.js
C:\Users\andrei.funaru\Desktop\Facultate\4.I\DAW\Library\BibliotecaOnline\BibliotecaOnline\dist\out-tsc\app\admin\books\books.service.js.map
C:\Users\andrei.funaru\Desktop\Facultate\4.I\DAW\Library\BibliotecaOnline\BibliotecaOnline\dist\out-tsc\app\admin\books\deletebook\deletebook.component.js
C:\Users\andrei.funaru\Desktop\Facultate\4.I\DAW\Library\BibliotecaOnline\BibliotecaOnline\dist\out-tsc\app\admin\books\deletebook\deletebook.component.js.map
C:\Users\andrei.funaru\Desktop\Facultate\4.I\DAW\Library\BibliotecaOnline\BibliotecaOnline\dist\out-tsc\app\admin\books\add-edit-book\add-edit-book.component.js
C:\Users\andrei.funaru\Desktop\Facultate\4.I\DAW\Library\BibliotecaOnline\BibliotecaOnline\dist\out-tsc\app\admin\books\add-edit-book\add-edit-book.component.js.map
C:\Users\andrei.funaru\Desktop\Facultate\4.I\DAW\Library\BibliotecaOnline\BibliotecaOnline\dist\out-tsc\app\admin\books\books.component.js
C:\Users\andrei.funaru\Desktop\Facultate\4.I\DAW\Library\BibliotecaOnline\BibliotecaOnline\dist\out-tsc\app\admin\books\books.component.js.map
C:\Users\andrei.funaru\Desktop\Facultate\4.I\DAW\Library\BibliotecaOnline\BibliotecaOnline\dist\out-tsc\app\admin\admin-routing.module.js
C:\Users\andrei.funaru\Desktop\Facultate\4.I\DAW\Library\BibliotecaOnline\BibliotecaOnline\dist\out-tsc\app\admin\admin-routing.module.js.map
C:\Users\andrei.funaru\Desktop\Facultate\4.I\DAW\Library\BibliotecaOnline\BibliotecaOnline\dist\out-tsc\app\admin\admin.component.js
C:\Users\andrei.funaru\Desktop\Facultate\4.I\DAW\Library\BibliotecaOnline\BibliotecaOnline\dist\out-tsc\app\admin\admin.component.js.map
C:\Users\andrei.funaru\Desktop\Facultate\4.I\DAW\Library\BibliotecaOnline\BibliotecaOnline\dist\out-tsc\app\admin\shared\data.service.js
C:\Users\andrei.funaru\Desktop\Facultate\4.I\DAW\Library\BibliotecaOnline\BibliotecaOnline\dist\out-tsc\app\admin\shared\data.service.js.map
C:\Users\andrei.funaru\Desktop\Facultate\4.I\DAW\Library\BibliotecaOnline\BibliotecaOnline\dist\out-tsc\app\admin\admin.module.js
C:\Users\andrei.funaru\Desktop\Facultate\4.I\DAW\Library\BibliotecaOnline\BibliotecaOnline\dist\out-tsc\app\admin\admin.module.js.map
C:\Users\andrei.funaru\Desktop\Facultate\4.I\DAW\Library\BibliotecaOnline\BibliotecaOnline\dist\out-tsc\app\core\auth.service.js
C:\Users\andrei.funaru\Desktop\Facultate\4.I\DAW\Library\BibliotecaOnline\BibliotecaOnline\dist\out-tsc\app\core\auth.service.js.map
C:\Users\andrei.funaru\Desktop\Facultate\4.I\DAW\Library\BibliotecaOnline\BibliotecaOnline\dist\out-tsc\app\library\models\book.js
C:\Users\andrei.funaru\Desktop\Facultate\4.I\DAW\Library\BibliotecaOnline\BibliotecaOnline\dist\out-tsc\app\library\models\book.js.map
C:\Users\andrei.funaru\Desktop\Facultate\4.I\DAW\Library\BibliotecaOnline\BibliotecaOnline\dist\out-tsc\app\library\models\book-detail.js
C:\Users\andrei.funaru\Desktop\Facultate\4.I\DAW\Library\BibliotecaOnline\BibliotecaOnline\dist\out-tsc\app\library\models\book-detail.js.map
C:\Users\andrei.funaru\Desktop\Facultate\4.I\DAW\Library\BibliotecaOnline\BibliotecaOnline\dist\out-tsc\app\library\shared\library.service.js
C:\Users\andrei.funaru\Desktop\Facultate\4.I\DAW\Library\BibliotecaOnline\BibliotecaOnline\dist\out-tsc\app\library\shared\library.service.js.map
C:\Users\andrei.funaru\Desktop\Facultate\4.I\DAW\Library\BibliotecaOnline\BibliotecaOnline\dist\out-tsc\app\library\loan-book\loan-book.component.js
C:\Users\andrei.funaru\Desktop\Facultate\4.I\DAW\Library\BibliotecaOnline\BibliotecaOnline\dist\out-tsc\app\library\loan-book\loan-book.component.js.map
C:\Users\andrei.funaru\Desktop\Facultate\4.I\DAW\Library\BibliotecaOnline\BibliotecaOnline\dist\out-tsc\app\library\index\index.component.js
C:\Users\andrei.funaru\Desktop\Facultate\4.I\DAW\Library\BibliotecaOnline\BibliotecaOnline\dist\out-tsc\app\library\index\index.component.js.map
C:\Users\andrei.funaru\Desktop\Facultate\4.I\DAW\Library\BibliotecaOnline\BibliotecaOnline\dist\out-tsc\app\library\detail\detail.component.js
C:\Users\andrei.funaru\Desktop\Facultate\4.I\DAW\Library\BibliotecaOnline\BibliotecaOnline\dist\out-tsc\app\library\detail\detail.component.js.map
C:\Users\andrei.funaru\Desktop\Facultate\4.I\DAW\Library\BibliotecaOnline\BibliotecaOnline\dist\out-tsc\app\library\user-dashboard\user-dashboard.component.js
C:\Users\andrei.funaru\Desktop\Facultate\4.I\DAW\Library\BibliotecaOnline\BibliotecaOnline\dist\out-tsc\app\library\user-dashboard\user-dashboard.component.js.map
C:\Users\andrei.funaru\Desktop\Facultate\4.I\DAW\Library\BibliotecaOnline\BibliotecaOnline\dist\out-tsc\app\library\library-routing.module.js
C:\Users\andrei.funaru\Desktop\Facultate\4.I\DAW\Library\BibliotecaOnline\BibliotecaOnline\dist\out-tsc\app\library\library-routing.module.js.map
C:\Users\andrei.funaru\Desktop\Facultate\4.I\DAW\Library\BibliotecaOnline\BibliotecaOnline\dist\out-tsc\app\library\library.component.js
C:\Users\andrei.funaru\Desktop\Facultate\4.I\DAW\Library\BibliotecaOnline\BibliotecaOnline\dist\out-tsc\app\library\library.component.js.map
C:\Users\andrei.funaru\Desktop\Facultate\4.I\DAW\Library\BibliotecaOnline\BibliotecaOnline\dist\out-tsc\app\library\library.module.js
C:\Users\andrei.funaru\Desktop\Facultate\4.I\DAW\Library\BibliotecaOnline\BibliotecaOnline\dist\out-tsc\app\library\library.module.js.map
